app/build/outputs/logs/manifest-merger-debug-report.txt
-- Merging decision tree log ---
manifest
ADDED from src\main\AndroidManifest.xml:2:1-163:12
	package
		ADDED from src\main\AndroidManifest.xml:3:5-45
		INJECTED from src\main\AndroidManifest.xml
		INJECTED from src\main\AndroidManifest.xml
	android:versionName
		INJECTED from src\main\AndroidManifest.xml
		INJECTED from src\main\AndroidManifest.xml
	xmlns:android
		ADDED from src\main\AndroidManifest.xml:2:11-69
	android:versionCode
		INJECTED from src\main\AndroidManifest.xml
		INJECTED from src\main\AndroidManifest.xml
application
ADDED from src\main\AndroidManifest.xml:5:5-161:19
MERGED from [com.android.support:appcompat-v7:24.2.1] AndroidManifest.xml:25:5-20
MERGED from [com.android.support:support-v4:24.2.1] AndroidManifest.xml:25:5-20
MERGED from [com.android.support:support-compat:24.2.1] AndroidManifest.xml:25:5-20
MERGED from [com.android.support:support-media-compat:24.2.1] AndroidManifest.xml:25:5-20
MERGED from [com.android.support:support-compat:24.2.1] AndroidManifest.xml:25:5-20
MERGED from [com.android.support:support-core-utils:24.2.1] AndroidManifest.xml:25:5-20
MERGED from [com.android.support:support-compat:24.2.1] AndroidManifest.xml:25:5-20
MERGED from [com.android.support:support-core-ui:24.2.1] AndroidManifest.xml:25:5-20
MERGED from [com.android.support:support-compat:24.2.1] AndroidManifest.xml:25:5-20
MERGED from [com.android.support:support-fragment:24.2.1] AndroidManifest.xml:25:5-20
MERGED from [com.android.support:support-compat:24.2.1] AndroidManifest.xml:25:5-20
MERGED from [com.android.support:support-media-compat:24.2.1] AndroidManifest.xml:25:5-20
MERGED from [com.android.support:support-compat:24.2.1] AndroidManifest.xml:25:5-20
MERGED from [com.android.support:support-core-ui:24.2.1] AndroidManifest.xml:25:5-20
MERGED from [com.android.support:support-compat:24.2.1] AndroidManifest.xml:25:5-20
MERGED from [com.android.support:support-core-utils:24.2.1] AndroidManifest.xml:25:5-20
MERGED from [com.android.support:support-compat:24.2.1] AndroidManifest.xml:25:5-20
MERGED from [com.android.support:support-vector-drawable:24.2.1] AndroidManifest.xml:23:5-20
MERGED from [com.android.support:support-compat:24.2.1] AndroidManifest.xml:25:5-20
MERGED from [com.android.support:animated-vector-drawable:24.2.1] AndroidManifest.xml:22:5-20
MERGED from [com.android.support:support-vector-drawable:24.2.1] AndroidManifest.xml:23:5-20
MERGED from [com.android.support:support-compat:24.2.1] AndroidManifest.xml:25:5-20
MERGED from [com.android.support:support-v4:24.2.1] AndroidManifest.xml:25:5-20
MERGED from [com.android.support:support-compat:24.2.1] AndroidManifest.xml:25:5-20
MERGED from [com.android.support:support-media-compat:24.2.1] AndroidManifest.xml:25:5-20
MERGED from [com.android.support:support-compat:24.2.1] AndroidManifest.xml:25:5-20
MERGED from [com.android.support:support-core-utils:24.2.1] AndroidManifest.xml:25:5-20
MERGED from [com.android.support:support-compat:24.2.1] AndroidManifest.xml:25:5-20
MERGED from [com.android.support:support-core-ui:24.2.1] AndroidManifest.xml:25:5-20
MERGED from [com.android.support:support-compat:24.2.1] AndroidManifest.xml:25:5-20
MERGED from [com.android.support:support-fragment:24.2.1] AndroidManifest.xml:25:5-20
MERGED from [com.android.support:support-compat:24.2.1] AndroidManifest.xml:25:5-20
MERGED from [com.android.support:support-media-compat:24.2.1] AndroidManifest.xml:25:5-20
MERGED from [com.android.support:support-compat:24.2.1] AndroidManifest.xml:25:5-20
MERGED from [com.android.support:support-core-ui:24.2.1] AndroidManifest.xml:25:5-20
MERGED from [com.android.support:support-compat:24.2.1] AndroidManifest.xml:25:5-20
MERGED from [com.android.support:support-core-utils:24.2.1] AndroidManifest.xml:25:5-20
MERGED from [com.android.support:support-compat:24.2.1] AndroidManifest.xml:25:5-20
	android:label
		ADDED from src\main\AndroidManifest.xml:9:9-41
	android:supportsRtl
		ADDED from src\main\AndroidManifest.xml:10:9-35
	android:allowBackup
		ADDED from src\main\AndroidManifest.xml:7:9-35
	android:icon
		ADDED from src\main\AndroidManifest.xml:8:9-35
	android:theme
		ADDED from src\main\AndroidManifest.xml:11:9-40
	android:name
		ADDED from src\main\AndroidManifest.xml:6:9-40
meta-data#DATABASE
ADDED from src\main\AndroidManifest.xml:15:9-17:46
	android:value
		ADDED from src\main\AndroidManifest.xml:17:13-43
	android:name
		ADDED from src\main\AndroidManifest.xml:16:13-36
meta-data#VERSION
ADDED from src\main\AndroidManifest.xml:18:9-20:33
	android:value
		ADDED from src\main\AndroidManifest.xml:20:13-30
	android:name
		ADDED from src\main\AndroidManifest.xml:19:13-35
meta-data#QUERY_LOG
ADDED from src\main\AndroidManifest.xml:21:9-23:36
	android:value
		ADDED from src\main\AndroidManifest.xml:23:13-33
	android:name
		ADDED from src\main\AndroidManifest.xml:22:13-37
meta-data#DOMAIN_PACKAGE_NAME
ADDED from src\main\AndroidManifest.xml:24:9-26:62
	android:value
		ADDED from src\main\AndroidManifest.xml:26:13-59
	android:name
		ADDED from src\main\AndroidManifest.xml:25:13-47
activity#com.example.user.myapplication.ComtechComputadoras
ADDED from src\main\AndroidManifest.xml:28:9-30:59
	android:parentActivityName
		ADDED from src\main\AndroidManifest.xml:30:13-56
	android:name
		ADDED from src\main\AndroidManifest.xml:29:13-48
activity#com.example.user.myapplication.TiendaComtech
ADDED from src\main\AndroidManifest.xml:31:9-34:56
	android:parentActivityName
		ADDED from src\main\AndroidManifest.xml:34:13-53
	android:name
		ADDED from src\main\AndroidManifest.xml:33:13-42
activity#com.example.user.myapplication.Comtech_ZonaGamer
ADDED from src\main\AndroidManifest.xml:35:9-37:59
	android:parentActivityName
		ADDED from src\main\AndroidManifest.xml:37:13-56
	android:name
		ADDED from src\main\AndroidManifest.xml:36:13-46
activity#com.example.user.myapplication.SevasaComputadoras
ADDED from src\main\AndroidManifest.xml:38:9-40:58
	android:parentActivityName
		ADDED from src\main\AndroidManifest.xml:40:13-55
	android:name
		ADDED from src\main\AndroidManifest.xml:39:13-47
activity#com.example.user.myapplication.SevasaAlmacenamiento
ADDED from src\main\AndroidManifest.xml:41:9-43:58
	android:parentActivityName
		ADDED from src\main\AndroidManifest.xml:43:13-55
	android:name
		ADDED from src\main\AndroidManifest.xml:42:13-49
activity#com.example.user.myapplication.TiendaSevasa
ADDED from src\main\AndroidManifest.xml:44:9-46:56
	android:parentActivityName
		ADDED from src\main\AndroidManifest.xml:46:13-53
	android:name
		ADDED from src\main\AndroidManifest.xml:45:13-41
activity#com.example.user.myapplication.SevasaImpresoras
ADDED from src\main\AndroidManifest.xml:47:9-49:58
	android:parentActivityName
		ADDED from src\main\AndroidManifest.xml:49:13-55
	android:name
		ADDED from src\main\AndroidManifest.xml:48:13-45
activity#com.example.user.myapplication.SevasaCamaras
ADDED from src\main\AndroidManifest.xml:50:9-52:58
	android:parentActivityName
		ADDED from src\main\AndroidManifest.xml:52:13-55
	android:name
		ADDED from src\main\AndroidManifest.xml:51:13-42
activity#com.example.user.myapplication.ContactoSevasa
ADDED from src\main\AndroidManifest.xml:53:9-55:58
	android:parentActivityName
		ADDED from src\main\AndroidManifest.xml:55:13-55
	android:name
		ADDED from src\main\AndroidManifest.xml:54:13-43
activity#com.example.user.myapplication.ContactoComtech
ADDED from src\main\AndroidManifest.xml:57:9-59:59
	android:parentActivityName
		ADDED from src\main\AndroidManifest.xml:59:13-56
	android:name
		ADDED from src\main\AndroidManifest.xml:58:13-44
activity#com.example.user.myapplication.MenuTienda
ADDED from src\main\AndroidManifest.xml:63:9-48
	android:name
		ADDED from src\main\AndroidManifest.xml:63:19-45
activity#com.example.user.myapplication.Splash
ADDED from src\main\AndroidManifest.xml:64:9-70:20
	android:name
		ADDED from src\main\AndroidManifest.xml:64:19-41
intent-filter#android.intent.action.MAIN+android.intent.category.LAUNCHER
ADDED from src\main\AndroidManifest.xml:65:13-69:29
action#android.intent.action.MAIN
ADDED from src\main\AndroidManifest.xml:66:17-69
	android:name
		ADDED from src\main\AndroidManifest.xml:66:25-66
category#android.intent.category.LAUNCHER
ADDED from src\main\AndroidManifest.xml:68:17-77
	android:name
		ADDED from src\main\AndroidManifest.xml:68:27-74
activity#com.example.user.myapplication.ItemsAdapters.Sevasa_compu1
ADDED from src\main\AndroidManifest.xml:75:9-76:64
	android:parentActivityName
		ADDED from src\main\AndroidManifest.xml:76:13-61
	android:name
		ADDED from src\main\AndroidManifest.xml:75:19-62
activity#com.example.user.myapplication.ItemsAdapters.Sevasa_compu2
ADDED from src\main\AndroidManifest.xml:77:9-78:64
	android:parentActivityName
		ADDED from src\main\AndroidManifest.xml:78:13-61
	android:name
		ADDED from src\main\AndroidManifest.xml:77:19-62
activity#com.example.user.myapplication.ItemsAdapters.Sevasa_compu3
ADDED from src\main\AndroidManifest.xml:79:9-80:64
	android:parentActivityName
		ADDED from src\main\AndroidManifest.xml:80:13-61
	android:name
		ADDED from src\main\AndroidManifest.xml:79:19-62
activity#com.example.user.myapplication.ItemsAdapters.Sevasa_compu4
ADDED from src\main\AndroidManifest.xml:81:9-82:64
	android:parentActivityName
		ADDED from src\main\AndroidManifest.xml:82:13-61
	android:name
		ADDED from src\main\AndroidManifest.xml:81:19-62
activity#com.example.user.myapplication.ItemsAdapters.Sevasa_compu5
ADDED from src\main\AndroidManifest.xml:83:9-84:64
	android:parentActivityName
		ADDED from src\main\AndroidManifest.xml:84:13-61
	android:name
		ADDED from src\main\AndroidManifest.xml:83:19-62
activity#com.example.user.myapplication.ItemsAdapters.Sevasa_compu6
ADDED from src\main\AndroidManifest.xml:85:9-86:64
	android:parentActivityName
		ADDED from src\main\AndroidManifest.xml:86:13-61
	android:name
		ADDED from src\main\AndroidManifest.xml:85:19-62
activity#com.example.user.myapplication.ItemsAdapters.Sevasa_cam1
ADDED from src\main\AndroidManifest.xml:89:9-90:59
	android:parentActivityName
		ADDED from src\main\AndroidManifest.xml:90:13-56
	android:name
		ADDED from src\main\AndroidManifest.xml:89:19-60
activity#com.example.user.myapplication.ItemsAdapters.Sevasa_cam2
ADDED from src\main\AndroidManifest.xml:91:9-92:59
	android:parentActivityName
		ADDED from src\main\AndroidManifest.xml:92:13-56
	android:name
		ADDED from src\main\AndroidManifest.xml:91:19-60
activity#com.example.user.myapplication.ItemsAdapters.Sevasa_cam3
ADDED from src\main\AndroidManifest.xml:93:9-94:59
	android:parentActivityName
		ADDED from src\main\AndroidManifest.xml:94:13-56
	android:name
		ADDED from src\main\AndroidManifest.xml:93:19-60
activity#com.example.user.myapplication.ItemsAdapters.Sevasa_cam4
ADDED from src\main\AndroidManifest.xml:95:9-96:59
	android:parentActivityName
		ADDED from src\main\AndroidManifest.xml:96:13-56
	android:name
		ADDED from src\main\AndroidManifest.xml:95:19-60
activity#com.example.user.myapplication.ItemsAdapters.Sevasa_cam5
ADDED from src\main\AndroidManifest.xml:97:9-98:59
	android:parentActivityName
		ADDED from src\main\AndroidManifest.xml:98:13-56
	android:name
		ADDED from src\main\AndroidManifest.xml:97:19-60
activity#com.example.user.myapplication.ItemsAdapters.Sevasa_cam6
ADDED from src\main\AndroidManifest.xml:99:9-100:59
	android:parentActivityName
		ADDED from src\main\AndroidManifest.xml:100:13-56
	android:name
		ADDED from src\main\AndroidManifest.xml:99:19-60
activity#com.example.user.myapplication.ItemsAdapters.Sevasa_disc1
ADDED from src\main\AndroidManifest.xml:103:9-104:66
	android:parentActivityName
		ADDED from src\main\AndroidManifest.xml:104:13-63
	android:name
		ADDED from src\main\AndroidManifest.xml:103:19-61
activity#com.example.user.myapplication.ItemsAdapters.Sevasa_disc2
ADDED from src\main\AndroidManifest.xml:105:9-106:66
	android:parentActivityName
		ADDED from src\main\AndroidManifest.xml:106:13-63
	android:name
		ADDED from src\main\AndroidManifest.xml:105:19-61
activity#com.example.user.myapplication.ItemsAdapters.Sevasa_disc3
ADDED from src\main\AndroidManifest.xml:107:9-108:66
	android:parentActivityName
		ADDED from src\main\AndroidManifest.xml:108:13-63
	android:name
		ADDED from src\main\AndroidManifest.xml:107:19-61
activity#com.example.user.myapplication.ItemsAdapters.Sevasa_disc4
ADDED from src\main\AndroidManifest.xml:109:9-110:66
	android:parentActivityName
		ADDED from src\main\AndroidManifest.xml:110:13-63
	android:name
		ADDED from src\main\AndroidManifest.xml:109:19-61
activity#com.example.user.myapplication.ItemsAdapters.Sevasa_disc5
ADDED from src\main\AndroidManifest.xml:111:9-112:66
	android:parentActivityName
		ADDED from src\main\AndroidManifest.xml:112:13-63
	android:name
		ADDED from src\main\AndroidManifest.xml:111:19-61
activity#com.example.user.myapplication.ItemsAdapters.Sevasa_disc6
ADDED from src\main\AndroidManifest.xml:113:9-114:66
	android:parentActivityName
		ADDED from src\main\AndroidManifest.xml:114:13-63
	android:name
		ADDED from src\main\AndroidManifest.xml:113:19-61
activity#com.example.user.myapplication.ItemsAdapters.Sevasa_imp1
ADDED from src\main\AndroidManifest.xml:117:9-118:62
	android:parentActivityName
		ADDED from src\main\AndroidManifest.xml:118:13-59
	android:name
		ADDED from src\main\AndroidManifest.xml:117:19-60
activity#com.example.user.myapplication.ItemsAdapters.Sevasa_imp2
ADDED from src\main\AndroidManifest.xml:119:9-120:62
	android:parentActivityName
		ADDED from src\main\AndroidManifest.xml:120:13-59
	android:name
		ADDED from src\main\AndroidManifest.xml:119:19-60
activity#com.example.user.myapplication.ItemsAdapters.Sevasa_imp3
ADDED from src\main\AndroidManifest.xml:121:9-122:62
	android:parentActivityName
		ADDED from src\main\AndroidManifest.xml:122:13-59
	android:name
		ADDED from src\main\AndroidManifest.xml:121:19-60
activity#com.example.user.myapplication.ItemsAdapters.Sevasa_imp4
ADDED from src\main\AndroidManifest.xml:123:9-124:62
	android:parentActivityName
		ADDED from src\main\AndroidManifest.xml:124:13-59
	android:name
		ADDED from src\main\AndroidManifest.xml:123:19-60
activity#com.example.user.myapplication.ItemsAdapters.Sevasa_imp5
ADDED from src\main\AndroidManifest.xml:125:9-126:62
	android:parentActivityName
		ADDED from src\main\AndroidManifest.xml:126:13-59
	android:name
		ADDED from src\main\AndroidManifest.xml:125:19-60
activity#com.example.user.myapplication.ItemsAdapters.Sevasa_imp6
ADDED from src\main\AndroidManifest.xml:127:9-128:62
	android:parentActivityName
		ADDED from src\main\AndroidManifest.xml:128:13-59
	android:name
		ADDED from src\main\AndroidManifest.xml:127:19-60
activity#com.example.user.myapplication.ItemsAdapters.Comt_compu1
ADDED from src\main\AndroidManifest.xml:131:9-132:65
	android:parentActivityName
		ADDED from src\main\AndroidManifest.xml:132:13-62
	android:name
		ADDED from src\main\AndroidManifest.xml:131:19-60
activity#com.example.user.myapplication.ItemsAdapters.Comt_compu2
ADDED from src\main\AndroidManifest.xml:133:9-134:65
	android:parentActivityName
		ADDED from src\main\AndroidManifest.xml:134:13-62
	android:name
		ADDED from src\main\AndroidManifest.xml:133:19-60
activity#com.example.user.myapplication.ItemsAdapters.Comt_compu3
ADDED from src\main\AndroidManifest.xml:135:9-136:65
	android:parentActivityName
		ADDED from src\main\AndroidManifest.xml:136:13-62
	android:name
		ADDED from src\main\AndroidManifest.xml:135:19-60
activity#com.example.user.myapplication.ItemsAdapters.Comt_compu4
ADDED from src\main\AndroidManifest.xml:137:9-138:65
	android:parentActivityName
		ADDED from src\main\AndroidManifest.xml:138:13-62
	android:name
		ADDED from src\main\AndroidManifest.xml:137:19-60
activity#com.example.user.myapplication.ItemsAdapters.Comt_compu5
ADDED from src\main\AndroidManifest.xml:139:9-140:65
	android:parentActivityName
		ADDED from src\main\AndroidManifest.xml:140:13-62
	android:name
		ADDED from src\main\AndroidManifest.xml:139:19-60
activity#com.example.user.myapplication.ItemsAdapters.Comt_compu6
ADDED from src\main\AndroidManifest.xml:141:9-142:65
	android:parentActivityName
		ADDED from src\main\AndroidManifest.xml:142:13-62
	android:name
		ADDED from src\main\AndroidManifest.xml:141:19-60
activity#com.example.user.myapplication.ItemsAdapters.Comt_gam1
ADDED from src\main\AndroidManifest.xml:145:9-146:63
	android:parentActivityName
		ADDED from src\main\AndroidManifest.xml:146:13-60
	android:name
		ADDED from src\main\AndroidManifest.xml:145:19-58
activity#com.example.user.myapplication.ItemsAdapters.Comt_gam2
ADDED from src\main\AndroidManifest.xml:147:9-148:63
	android:parentActivityName
		ADDED from src\main\AndroidManifest.xml:148:13-60
	android:name
		ADDED from src\main\AndroidManifest.xml:147:19-58
activity#com.example.user.myapplication.ItemsAdapters.Comt_gam3
ADDED from src\main\AndroidManifest.xml:149:9-150:63
	android:parentActivityName
		ADDED from src\main\AndroidManifest.xml:150:13-60
	android:name
		ADDED from src\main\AndroidManifest.xml:149:19-58
activity#com.example.user.myapplication.ItemsAdapters.Comt_gam4
ADDED from src\main\AndroidManifest.xml:151:9-152:63
	android:parentActivityName
		ADDED from src\main\AndroidManifest.xml:152:13-60
	android:name
		ADDED from src\main\AndroidManifest.xml:151:19-58
activity#com.example.user.myapplication.ItemsAdapters.Comt_gam5
ADDED from src\main\AndroidManifest.xml:153:9-154:63
	android:parentActivityName
		ADDED from src\main\AndroidManifest.xml:154:13-60
	android:name
		ADDED from src\main\AndroidManifest.xml:153:19-58
activity#com.example.user.myapplication.ItemsAdapters.Comt_gam6
ADDED from src\main\AndroidManifest.xml:155:9-156:63
	android:parentActivityName
		ADDED from src\main\AndroidManifest.xml:156:13-60
	android:name
		ADDED from src\main\AndroidManifest.xml:155:19-58
uses-sdk
INJECTED from src\main\AndroidManifest.xml reason: use-sdk injection requested
MERGED from [com.android.support:appcompat-v7:24.2.1] AndroidManifest.xml:21:5-23:78
MERGED from [com.android.support:support-v4:24.2.1] AndroidManifest.xml:21:5-23:54
MERGED from [com.android.support:support-compat:24.2.1] AndroidManifest.xml:21:5-23:58
MERGED from [com.android.support:support-media-compat:24.2.1] AndroidManifest.xml:21:5-23:63
MERGED from [com.android.support:support-compat:24.2.1] AndroidManifest.xml:21:5-23:58
MERGED from [com.android.support:support-core-utils:24.2.1] AndroidManifest.xml:21:5-23:61
MERGED from [com.android.support:support-compat:24.2.1] AndroidManifest.xml:21:5-23:58
MERGED from [com.android.support:support-core-ui:24.2.1] AndroidManifest.xml:21:5-23:58
MERGED from [com.android.support:support-compat:24.2.1] AndroidManifest.xml:21:5-23:58
MERGED from [com.android.support:support-fragment:24.2.1] AndroidManifest.xml:21:5-23:60
MERGED from [com.android.support:support-compat:24.2.1] AndroidManifest.xml:21:5-23:58
MERGED from [com.android.support:support-media-compat:24.2.1] AndroidManifest.xml:21:5-23:63
MERGED from [com.android.support:support-compat:24.2.1] AndroidManifest.xml:21:5-23:58
MERGED from [com.android.support:support-core-ui:24.2.1] AndroidManifest.xml:21:5-23:58
MERGED from [com.android.support:support-compat:24.2.1] AndroidManifest.xml:21:5-23:58
MERGED from [com.android.support:support-core-utils:24.2.1] AndroidManifest.xml:21:5-23:61
MERGED from [com.android.support:support-compat:24.2.1] AndroidManifest.xml:21:5-23:58
MERGED from [com.android.support:support-vector-drawable:24.2.1] AndroidManifest.xml:21:5-43
MERGED from [com.android.support:support-compat:24.2.1] AndroidManifest.xml:21:5-23:58
MERGED from [com.android.support:animated-vector-drawable:24.2.1] AndroidManifest.xml:20:5-44
MERGED from [com.android.support:support-vector-drawable:24.2.1] AndroidManifest.xml:21:5-43
MERGED from [com.android.support:support-compat:24.2.1] AndroidManifest.xml:21:5-23:58
MERGED from [com.github.satyan:sugar:1.4] AndroidManifest.xml:7:5-9:41
MERGED from [com.android.support:support-v4:24.2.1] AndroidManifest.xml:21:5-23:54
MERGED from [com.android.support:support-compat:24.2.1] AndroidManifest.xml:21:5-23:58
MERGED from [com.android.support:support-media-compat:24.2.1] AndroidManifest.xml:21:5-23:63
MERGED from [com.android.support:support-compat:24.2.1] AndroidManifest.xml:21:5-23:58
MERGED from [com.android.support:support-core-utils:24.2.1] AndroidManifest.xml:21:5-23:61
MERGED from [com.android.support:support-compat:24.2.1] AndroidManifest.xml:21:5-23:58
MERGED from [com.android.support:support-core-ui:24.2.1] AndroidManifest.xml:21:5-23:58
MERGED from [com.android.support:support-compat:24.2.1] AndroidManifest.xml:21:5-23:58
MERGED from [com.android.support:support-fragment:24.2.1] AndroidManifest.xml:21:5-23:60
MERGED from [com.android.support:support-compat:24.2.1] AndroidManifest.xml:21:5-23:58
MERGED from [com.android.support:support-media-compat:24.2.1] AndroidManifest.xml:21:5-23:63
MERGED from [com.android.support:support-compat:24.2.1] AndroidManifest.xml:21:5-23:58
MERGED from [com.android.support:support-core-ui:24.2.1] AndroidManifest.xml:21:5-23:58
MERGED from [com.android.support:support-compat:24.2.1] AndroidManifest.xml:21:5-23:58
MERGED from [com.android.support:support-core-utils:24.2.1] AndroidManifest.xml:21:5-23:61
MERGED from [com.android.support:support-compat:24.2.1] AndroidManifest.xml:21:5-23:58
MERGED from [com.jakewharton:butterknife:8.4.0] AndroidManifest.xml:5:5-43
	tools:overrideLibrary
		ADDED from [com.android.support:appcompat-v7:24.2.1] AndroidManifest.xml:23:9-75
	android:targetSdkVersion
		INJECTED from src\main\AndroidManifest.xml
		INJECTED from src\main\AndroidManifest.xml
	android:minSdkVersion
		INJECTED from src\main\AndroidManifest.xml
		INJECTED from src\main\AndroidManifest.xml